[2024-09-02T00:56:21.611+0000] {local_task_job_runner.py:123} INFO - ::group::Pre task execution logs
[2024-09-02T00:56:21.632+0000] {taskinstance.py:2603} INFO - Dependencies all met for dep_context=non-requeueable deps ti=<TaskInstance: localIngestionDag.scrape manual__2024-09-02T00:55:35.799937+00:00 [queued]>
[2024-09-02T00:56:21.645+0000] {taskinstance.py:2603} INFO - Dependencies all met for dep_context=requeueable deps ti=<TaskInstance: localIngestionDag.scrape manual__2024-09-02T00:55:35.799937+00:00 [queued]>
[2024-09-02T00:56:21.647+0000] {taskinstance.py:2856} INFO - Starting attempt 4 of 4
[2024-09-02T00:56:21.674+0000] {taskinstance.py:2879} INFO - Executing <Task(PythonOperator): scrape> on 2024-09-02 00:55:35.799937+00:00
[2024-09-02T00:56:21.684+0000] {standard_task_runner.py:72} INFO - Started process 274 to run task
[2024-09-02T00:56:21.688+0000] {standard_task_runner.py:104} INFO - Running: ['***', 'tasks', 'run', 'localIngestionDag', 'scrape', 'manual__2024-09-02T00:55:35.799937+00:00', '--job-id', '11', '--raw', '--subdir', 'DAGS_FOLDER/data_ingestion_local.py', '--cfg-path', '/tmp/tmp9arg8bor']
[2024-09-02T00:56:21.693+0000] {standard_task_runner.py:105} INFO - Job 11: Subtask scrape
[2024-09-02T00:56:21.754+0000] {task_command.py:467} INFO - Running <TaskInstance: localIngestionDag.scrape manual__2024-09-02T00:55:35.799937+00:00 [running]> on host f86224e91cd0
[2024-09-02T00:56:22.017+0000] {taskinstance.py:3122} INFO - Exporting env vars: AIRFLOW_CTX_DAG_OWNER='***' AIRFLOW_CTX_DAG_ID='localIngestionDag' AIRFLOW_CTX_TASK_ID='scrape' AIRFLOW_CTX_EXECUTION_DATE='2024-09-02T00:55:35.799937+00:00' AIRFLOW_CTX_TRY_NUMBER='4' AIRFLOW_CTX_DAG_RUN_ID='manual__2024-09-02T00:55:35.799937+00:00'
[2024-09-02T00:56:22.018+0000] {taskinstance.py:731} INFO - ::endgroup::
[2024-09-02T00:56:24.654+0000] {logging_mixin.py:190} INFO - 2023 done.
[2024-09-02T00:56:25.300+0000] {logging_mixin.py:190} INFO - Downcasting floats.
[2024-09-02T00:56:25.480+0000] {logging_mixin.py:190} INFO - 390
[2024-09-02T00:56:25.524+0000] {python.py:240} INFO - Done. Returned value was: None
[2024-09-02T00:56:25.538+0000] {taskinstance.py:340} INFO - ::group::Post task execution logs
[2024-09-02T00:56:25.540+0000] {taskinstance.py:352} INFO - Marking task as SUCCESS. dag_id=localIngestionDag, task_id=scrape, run_id=manual__2024-09-02T00:55:35.799937+00:00, execution_date=20240902T005535, start_date=20240902T005621, end_date=20240902T005625
[2024-09-02T00:56:25.611+0000] {local_task_job_runner.py:261} INFO - Task exited with return code 0
[2024-09-02T00:56:25.636+0000] {taskinstance.py:3891} INFO - 0 downstream tasks scheduled from follow-on schedule check
[2024-09-02T00:56:25.640+0000] {local_task_job_runner.py:240} INFO - ::endgroup::
