[2024-09-02T02:53:28.825+0000] {local_task_job_runner.py:123} INFO - ::group::Pre task execution logs
[2024-09-02T02:53:28.849+0000] {taskinstance.py:2603} INFO - Dependencies all met for dep_context=non-requeueable deps ti=<TaskInstance: localIngestionDag.files manual__2024-09-02T00:55:35.799937+00:00 [queued]>
[2024-09-02T02:53:28.863+0000] {taskinstance.py:2603} INFO - Dependencies all met for dep_context=requeueable deps ti=<TaskInstance: localIngestionDag.files manual__2024-09-02T00:55:35.799937+00:00 [queued]>
[2024-09-02T02:53:28.864+0000] {taskinstance.py:2856} INFO - Starting attempt 23 of 23
[2024-09-02T02:53:28.883+0000] {taskinstance.py:2879} INFO - Executing <Task(BashOperator): files> on 2024-09-02 00:55:35.799937+00:00
[2024-09-02T02:53:28.891+0000] {standard_task_runner.py:72} INFO - Started process 284 to run task
[2024-09-02T02:53:28.896+0000] {standard_task_runner.py:104} INFO - Running: ['***', 'tasks', 'run', 'localIngestionDag', 'files', 'manual__2024-09-02T00:55:35.799937+00:00', '--job-id', '118', '--raw', '--subdir', 'DAGS_FOLDER/data_ingestion_local.py', '--cfg-path', '/tmp/tmpaz_q3l_y']
[2024-09-02T02:53:28.900+0000] {standard_task_runner.py:105} INFO - Job 118: Subtask files
[2024-09-02T02:53:29.238+0000] {task_command.py:467} INFO - Running <TaskInstance: localIngestionDag.files manual__2024-09-02T00:55:35.799937+00:00 [running]> on host 30ac079fed69
[2024-09-02T02:53:29.321+0000] {taskinstance.py:3122} INFO - Exporting env vars: AIRFLOW_CTX_DAG_OWNER='***' AIRFLOW_CTX_DAG_ID='localIngestionDag' AIRFLOW_CTX_TASK_ID='files' AIRFLOW_CTX_EXECUTION_DATE='2024-09-02T00:55:35.799937+00:00' AIRFLOW_CTX_TRY_NUMBER='23' AIRFLOW_CTX_DAG_RUN_ID='manual__2024-09-02T00:55:35.799937+00:00'
[2024-09-02T02:53:29.323+0000] {taskinstance.py:731} INFO - ::endgroup::
[2024-09-02T02:53:29.341+0000] {subprocess.py:63} INFO - Tmp dir root location: /tmp
[2024-09-02T02:53:29.343+0000] {subprocess.py:75} INFO - Running command: ['/usr/bin/bash', '-c', 'ls /opt/***']
[2024-09-02T02:53:29.363+0000] {subprocess.py:86} INFO - Output:
[2024-09-02T02:53:29.366+0000] {subprocess.py:93} INFO - ***.cfg
[2024-09-02T02:53:29.368+0000] {subprocess.py:93} INFO - config
[2024-09-02T02:53:29.368+0000] {subprocess.py:93} INFO - dags
[2024-09-02T02:53:29.369+0000] {subprocess.py:93} INFO - logs
[2024-09-02T02:53:29.370+0000] {subprocess.py:93} INFO - plugins
[2024-09-02T02:53:29.371+0000] {subprocess.py:93} INFO - requirements.txt
[2024-09-02T02:53:29.372+0000] {subprocess.py:93} INFO - webserver_config.py
[2024-09-02T02:53:29.373+0000] {subprocess.py:93} INFO - weekly_nfl_data_2024-09-02.csv
[2024-09-02T02:53:29.374+0000] {subprocess.py:97} INFO - Command exited with return code 0
[2024-09-02T02:53:29.404+0000] {taskinstance.py:340} INFO - ::group::Post task execution logs
[2024-09-02T02:53:29.406+0000] {taskinstance.py:352} INFO - Marking task as SUCCESS. dag_id=localIngestionDag, task_id=files, run_id=manual__2024-09-02T00:55:35.799937+00:00, execution_date=20240902T005535, start_date=20240902T025328, end_date=20240902T025329
[2024-09-02T02:53:29.473+0000] {local_task_job_runner.py:261} INFO - Task exited with return code 0
[2024-09-02T02:53:29.651+0000] {taskinstance.py:3891} INFO - 1 downstream tasks scheduled from follow-on schedule check
[2024-09-02T02:53:29.655+0000] {local_task_job_runner.py:240} INFO - ::endgroup::
