[2024-09-02T02:50:26.450+0000] {local_task_job_runner.py:123} INFO - ::group::Pre task execution logs
[2024-09-02T02:50:26.472+0000] {taskinstance.py:2603} INFO - Dependencies all met for dep_context=non-requeueable deps ti=<TaskInstance: localIngestionDag.files manual__2024-09-02T00:55:35.799937+00:00 [queued]>
[2024-09-02T02:50:26.486+0000] {taskinstance.py:2603} INFO - Dependencies all met for dep_context=requeueable deps ti=<TaskInstance: localIngestionDag.files manual__2024-09-02T00:55:35.799937+00:00 [queued]>
[2024-09-02T02:50:26.488+0000] {taskinstance.py:2856} INFO - Starting attempt 18 of 18
[2024-09-02T02:50:26.513+0000] {taskinstance.py:2879} INFO - Executing <Task(BashOperator): files> on 2024-09-02 00:55:35.799937+00:00
[2024-09-02T02:50:26.526+0000] {standard_task_runner.py:72} INFO - Started process 93 to run task
[2024-09-02T02:50:26.531+0000] {standard_task_runner.py:104} INFO - Running: ['***', 'tasks', 'run', 'localIngestionDag', 'files', 'manual__2024-09-02T00:55:35.799937+00:00', '--job-id', '100', '--raw', '--subdir', 'DAGS_FOLDER/data_ingestion_local.py', '--cfg-path', '/tmp/tmpa2f8s685']
[2024-09-02T02:50:26.535+0000] {standard_task_runner.py:105} INFO - Job 100: Subtask files
[2024-09-02T02:50:26.792+0000] {task_command.py:467} INFO - Running <TaskInstance: localIngestionDag.files manual__2024-09-02T00:55:35.799937+00:00 [running]> on host 30ac079fed69
[2024-09-02T02:50:26.878+0000] {taskinstance.py:3122} INFO - Exporting env vars: AIRFLOW_CTX_DAG_OWNER='***' AIRFLOW_CTX_DAG_ID='localIngestionDag' AIRFLOW_CTX_TASK_ID='files' AIRFLOW_CTX_EXECUTION_DATE='2024-09-02T00:55:35.799937+00:00' AIRFLOW_CTX_TRY_NUMBER='18' AIRFLOW_CTX_DAG_RUN_ID='manual__2024-09-02T00:55:35.799937+00:00'
[2024-09-02T02:50:26.879+0000] {taskinstance.py:731} INFO - ::endgroup::
[2024-09-02T02:50:26.893+0000] {subprocess.py:63} INFO - Tmp dir root location: /tmp
[2024-09-02T02:50:26.895+0000] {subprocess.py:75} INFO - Running command: ['/usr/bin/bash', '-c', 'ls /opt/***']
[2024-09-02T02:50:26.908+0000] {subprocess.py:86} INFO - Output:
[2024-09-02T02:50:26.911+0000] {subprocess.py:93} INFO - ***.cfg
[2024-09-02T02:50:26.912+0000] {subprocess.py:93} INFO - config
[2024-09-02T02:50:26.913+0000] {subprocess.py:93} INFO - dags
[2024-09-02T02:50:26.913+0000] {subprocess.py:93} INFO - logs
[2024-09-02T02:50:26.914+0000] {subprocess.py:93} INFO - plugins
[2024-09-02T02:50:26.915+0000] {subprocess.py:93} INFO - requirements.txt
[2024-09-02T02:50:26.916+0000] {subprocess.py:93} INFO - webserver_config.py
[2024-09-02T02:50:26.916+0000] {subprocess.py:93} INFO - weekly_nfl_data_2024-09-02.csv
[2024-09-02T02:50:26.918+0000] {subprocess.py:97} INFO - Command exited with return code 0
[2024-09-02T02:50:26.944+0000] {taskinstance.py:340} INFO - ::group::Post task execution logs
[2024-09-02T02:50:26.946+0000] {taskinstance.py:352} INFO - Marking task as SUCCESS. dag_id=localIngestionDag, task_id=files, run_id=manual__2024-09-02T00:55:35.799937+00:00, execution_date=20240902T005535, start_date=20240902T025026, end_date=20240902T025026
[2024-09-02T02:50:26.987+0000] {local_task_job_runner.py:261} INFO - Task exited with return code 0
[2024-09-02T02:50:27.157+0000] {taskinstance.py:3891} INFO - 1 downstream tasks scheduled from follow-on schedule check
[2024-09-02T02:50:27.160+0000] {local_task_job_runner.py:240} INFO - ::endgroup::
