[2024-09-02T02:12:19.188+0000] {local_task_job_runner.py:123} INFO - ::group::Pre task execution logs
[2024-09-02T02:12:19.206+0000] {taskinstance.py:2603} INFO - Dependencies all met for dep_context=non-requeueable deps ti=<TaskInstance: localIngestionDag.files manual__2024-09-02T00:55:35.799937+00:00 [queued]>
[2024-09-02T02:12:19.216+0000] {taskinstance.py:2603} INFO - Dependencies all met for dep_context=requeueable deps ti=<TaskInstance: localIngestionDag.files manual__2024-09-02T00:55:35.799937+00:00 [queued]>
[2024-09-02T02:12:19.218+0000] {taskinstance.py:2856} INFO - Starting attempt 6 of 6
[2024-09-02T02:12:19.233+0000] {taskinstance.py:2879} INFO - Executing <Task(BashOperator): files> on 2024-09-02 00:55:35.799937+00:00
[2024-09-02T02:12:19.240+0000] {standard_task_runner.py:72} INFO - Started process 206 to run task
[2024-09-02T02:12:19.243+0000] {standard_task_runner.py:104} INFO - Running: ['***', 'tasks', 'run', 'localIngestionDag', 'files', 'manual__2024-09-02T00:55:35.799937+00:00', '--job-id', '58', '--raw', '--subdir', 'DAGS_FOLDER/data_ingestion_local.py', '--cfg-path', '/tmp/tmpgds5ro29']
[2024-09-02T02:12:19.246+0000] {standard_task_runner.py:105} INFO - Job 58: Subtask files
[2024-09-02T02:12:19.444+0000] {task_command.py:467} INFO - Running <TaskInstance: localIngestionDag.files manual__2024-09-02T00:55:35.799937+00:00 [running]> on host 310f51cfe535
[2024-09-02T02:12:19.529+0000] {taskinstance.py:3122} INFO - Exporting env vars: AIRFLOW_CTX_DAG_OWNER='***' AIRFLOW_CTX_DAG_ID='localIngestionDag' AIRFLOW_CTX_TASK_ID='files' AIRFLOW_CTX_EXECUTION_DATE='2024-09-02T00:55:35.799937+00:00' AIRFLOW_CTX_TRY_NUMBER='6' AIRFLOW_CTX_DAG_RUN_ID='manual__2024-09-02T00:55:35.799937+00:00'
[2024-09-02T02:12:19.532+0000] {taskinstance.py:731} INFO - ::endgroup::
[2024-09-02T02:12:19.548+0000] {subprocess.py:63} INFO - Tmp dir root location: /tmp
[2024-09-02T02:12:19.550+0000] {subprocess.py:75} INFO - Running command: ['/usr/bin/bash', '-c', 'ls /opt/***']
[2024-09-02T02:12:19.568+0000] {subprocess.py:86} INFO - Output:
[2024-09-02T02:12:19.572+0000] {subprocess.py:93} INFO - ***.cfg
[2024-09-02T02:12:19.573+0000] {subprocess.py:93} INFO - config
[2024-09-02T02:12:19.574+0000] {subprocess.py:93} INFO - dags
[2024-09-02T02:12:19.575+0000] {subprocess.py:93} INFO - logs
[2024-09-02T02:12:19.576+0000] {subprocess.py:93} INFO - plugins
[2024-09-02T02:12:19.577+0000] {subprocess.py:93} INFO - requirements.txt
[2024-09-02T02:12:19.578+0000] {subprocess.py:93} INFO - webserver_config.py
[2024-09-02T02:12:19.579+0000] {subprocess.py:93} INFO - weekly_nfl_data_2024-09-02.csv
[2024-09-02T02:12:19.580+0000] {subprocess.py:97} INFO - Command exited with return code 0
[2024-09-02T02:12:19.606+0000] {taskinstance.py:340} INFO - ::group::Post task execution logs
[2024-09-02T02:12:19.607+0000] {taskinstance.py:352} INFO - Marking task as SUCCESS. dag_id=localIngestionDag, task_id=files, run_id=manual__2024-09-02T00:55:35.799937+00:00, execution_date=20240902T005535, start_date=20240902T021219, end_date=20240902T021219
[2024-09-02T02:12:19.659+0000] {local_task_job_runner.py:261} INFO - Task exited with return code 0
[2024-09-02T02:12:19.833+0000] {taskinstance.py:3891} INFO - 1 downstream tasks scheduled from follow-on schedule check
[2024-09-02T02:12:19.836+0000] {local_task_job_runner.py:240} INFO - ::endgroup::
