[2024-09-02T23:34:23.504+0000] {local_task_job_runner.py:123} INFO - ::group::Pre task execution logs
[2024-09-02T23:34:23.523+0000] {taskinstance.py:2603} INFO - Dependencies all met for dep_context=non-requeueable deps ti=<TaskInstance: localIngestionDag.printRecords manual__2024-09-02T23:34:14.275778+00:00 [queued]>
[2024-09-02T23:34:23.532+0000] {taskinstance.py:2603} INFO - Dependencies all met for dep_context=requeueable deps ti=<TaskInstance: localIngestionDag.printRecords manual__2024-09-02T23:34:14.275778+00:00 [queued]>
[2024-09-02T23:34:23.533+0000] {taskinstance.py:2856} INFO - Starting attempt 1 of 1
[2024-09-02T23:34:23.548+0000] {taskinstance.py:2879} INFO - Executing <Task(PythonOperator): printRecords> on 2024-09-02 23:34:14.275778+00:00
[2024-09-02T23:34:23.554+0000] {standard_task_runner.py:72} INFO - Started process 97 to run task
[2024-09-02T23:34:23.557+0000] {standard_task_runner.py:104} INFO - Running: ['***', 'tasks', 'run', 'localIngestionDag', 'printRecords', 'manual__2024-09-02T23:34:14.275778+00:00', '--job-id', '167', '--raw', '--subdir', 'DAGS_FOLDER/data_ingestion_local.py', '--cfg-path', '/tmp/tmpcs4lpwph']
[2024-09-02T23:34:23.560+0000] {standard_task_runner.py:105} INFO - Job 167: Subtask printRecords
[2024-09-02T23:34:23.610+0000] {task_command.py:467} INFO - Running <TaskInstance: localIngestionDag.printRecords manual__2024-09-02T23:34:14.275778+00:00 [running]> on host bddf3773cf31
[2024-09-02T23:34:23.877+0000] {taskinstance.py:3122} INFO - Exporting env vars: AIRFLOW_CTX_DAG_OWNER='***' AIRFLOW_CTX_DAG_ID='localIngestionDag' AIRFLOW_CTX_TASK_ID='printRecords' AIRFLOW_CTX_EXECUTION_DATE='2024-09-02T23:34:14.275778+00:00' AIRFLOW_CTX_TRY_NUMBER='1' AIRFLOW_CTX_DAG_RUN_ID='manual__2024-09-02T23:34:14.275778+00:00'
[2024-09-02T23:34:23.879+0000] {taskinstance.py:731} INFO - ::endgroup::
[2024-09-02T23:34:23.929+0000] {logging_mixin.py:190} INFO - connection established
[2024-09-02T23:34:24.087+0000] {logging_mixin.py:190} INFO - columns:  54 
[2024-09-02T23:34:24.088+0000] {logging_mixin.py:190} INFO - records:  5653 
[2024-09-02T23:34:24.091+0000] {python.py:240} INFO - Done. Returned value was: None
[2024-09-02T23:34:24.102+0000] {taskinstance.py:340} INFO - ::group::Post task execution logs
[2024-09-02T23:34:24.103+0000] {taskinstance.py:352} INFO - Marking task as SUCCESS. dag_id=localIngestionDag, task_id=printRecords, run_id=manual__2024-09-02T23:34:14.275778+00:00, execution_date=20240902T233414, start_date=20240902T233423, end_date=20240902T233424
[2024-09-02T23:34:24.133+0000] {local_task_job_runner.py:261} INFO - Task exited with return code 0
[2024-09-02T23:34:24.152+0000] {taskinstance.py:3891} INFO - 0 downstream tasks scheduled from follow-on schedule check
[2024-09-02T23:34:24.155+0000] {local_task_job_runner.py:240} INFO - ::endgroup::
