[2024-09-02T03:12:33.841+0000] {local_task_job_runner.py:123} INFO - ::group::Pre task execution logs
[2024-09-02T03:12:33.862+0000] {taskinstance.py:2603} INFO - Dependencies all met for dep_context=non-requeueable deps ti=<TaskInstance: localIngestionDag.printRecords manual__2024-09-02T00:55:35.799937+00:00 [queued]>
[2024-09-02T03:12:33.871+0000] {taskinstance.py:2603} INFO - Dependencies all met for dep_context=requeueable deps ti=<TaskInstance: localIngestionDag.printRecords manual__2024-09-02T00:55:35.799937+00:00 [queued]>
[2024-09-02T03:12:33.873+0000] {taskinstance.py:2856} INFO - Starting attempt 3 of 3
[2024-09-02T03:12:33.888+0000] {taskinstance.py:2879} INFO - Executing <Task(PythonOperator): printRecords> on 2024-09-02 00:55:35.799937+00:00
[2024-09-02T03:12:33.895+0000] {standard_task_runner.py:72} INFO - Started process 394 to run task
[2024-09-02T03:12:33.898+0000] {standard_task_runner.py:104} INFO - Running: ['***', 'tasks', 'run', 'localIngestionDag', 'printRecords', 'manual__2024-09-02T00:55:35.799937+00:00', '--job-id', '148', '--raw', '--subdir', 'DAGS_FOLDER/data_ingestion_local.py', '--cfg-path', '/tmp/tmpc_19ubkm']
[2024-09-02T03:12:33.901+0000] {standard_task_runner.py:105} INFO - Job 148: Subtask printRecords
[2024-09-02T03:12:33.956+0000] {task_command.py:467} INFO - Running <TaskInstance: localIngestionDag.printRecords manual__2024-09-02T00:55:35.799937+00:00 [running]> on host 0a1ed8cc5a55
[2024-09-02T03:12:34.222+0000] {taskinstance.py:3122} INFO - Exporting env vars: AIRFLOW_CTX_DAG_OWNER='***' AIRFLOW_CTX_DAG_ID='localIngestionDag' AIRFLOW_CTX_TASK_ID='printRecords' AIRFLOW_CTX_EXECUTION_DATE='2024-09-02T00:55:35.799937+00:00' AIRFLOW_CTX_TRY_NUMBER='3' AIRFLOW_CTX_DAG_RUN_ID='manual__2024-09-02T00:55:35.799937+00:00'
[2024-09-02T03:12:34.224+0000] {taskinstance.py:731} INFO - ::endgroup::
[2024-09-02T03:12:34.265+0000] {logging_mixin.py:190} INFO - connection established
[2024-09-02T03:12:34.288+0000] {logging_mixin.py:190} INFO -    count
0   5653
[2024-09-02T03:12:34.289+0000] {python.py:240} INFO - Done. Returned value was: None
[2024-09-02T03:12:34.300+0000] {taskinstance.py:340} INFO - ::group::Post task execution logs
[2024-09-02T03:12:34.301+0000] {taskinstance.py:352} INFO - Marking task as SUCCESS. dag_id=localIngestionDag, task_id=printRecords, run_id=manual__2024-09-02T00:55:35.799937+00:00, execution_date=20240902T005535, start_date=20240902T031233, end_date=20240902T031234
[2024-09-02T03:12:34.354+0000] {local_task_job_runner.py:261} INFO - Task exited with return code 0
[2024-09-02T03:12:34.374+0000] {taskinstance.py:3891} INFO - 0 downstream tasks scheduled from follow-on schedule check
[2024-09-02T03:12:34.377+0000] {local_task_job_runner.py:240} INFO - ::endgroup::
