[2024-09-02T03:13:02.112+0000] {local_task_job_runner.py:123} INFO - ::group::Pre task execution logs
[2024-09-02T03:13:02.133+0000] {taskinstance.py:2603} INFO - Dependencies all met for dep_context=non-requeueable deps ti=<TaskInstance: localIngestionDag.printRecords manual__2024-09-02T00:55:35.799937+00:00 [queued]>
[2024-09-02T03:13:02.143+0000] {taskinstance.py:2603} INFO - Dependencies all met for dep_context=requeueable deps ti=<TaskInstance: localIngestionDag.printRecords manual__2024-09-02T00:55:35.799937+00:00 [queued]>
[2024-09-02T03:13:02.144+0000] {taskinstance.py:2856} INFO - Starting attempt 4 of 4
[2024-09-02T03:13:02.158+0000] {taskinstance.py:2879} INFO - Executing <Task(PythonOperator): printRecords> on 2024-09-02 00:55:35.799937+00:00
[2024-09-02T03:13:02.165+0000] {standard_task_runner.py:72} INFO - Started process 419 to run task
[2024-09-02T03:13:02.169+0000] {standard_task_runner.py:104} INFO - Running: ['***', 'tasks', 'run', 'localIngestionDag', 'printRecords', 'manual__2024-09-02T00:55:35.799937+00:00', '--job-id', '151', '--raw', '--subdir', 'DAGS_FOLDER/data_ingestion_local.py', '--cfg-path', '/tmp/tmp6ft5r1mu']
[2024-09-02T03:13:02.172+0000] {standard_task_runner.py:105} INFO - Job 151: Subtask printRecords
[2024-09-02T03:13:02.412+0000] {task_command.py:467} INFO - Running <TaskInstance: localIngestionDag.printRecords manual__2024-09-02T00:55:35.799937+00:00 [running]> on host 0a1ed8cc5a55
[2024-09-02T03:13:02.495+0000] {taskinstance.py:3122} INFO - Exporting env vars: AIRFLOW_CTX_DAG_OWNER='***' AIRFLOW_CTX_DAG_ID='localIngestionDag' AIRFLOW_CTX_TASK_ID='printRecords' AIRFLOW_CTX_EXECUTION_DATE='2024-09-02T00:55:35.799937+00:00' AIRFLOW_CTX_TRY_NUMBER='4' AIRFLOW_CTX_DAG_RUN_ID='manual__2024-09-02T00:55:35.799937+00:00'
[2024-09-02T03:13:02.497+0000] {taskinstance.py:731} INFO - ::endgroup::
[2024-09-02T03:13:02.541+0000] {logging_mixin.py:190} INFO - connection established
[2024-09-02T03:13:02.754+0000] {logging_mixin.py:190} INFO -       index   player_id  ... fantasy_points fantasy_points_ppr
0         0  00-0023459  ...            0.0                0.0
1         1  00-0024243  ...            0.8                1.8
2         2  00-0024243  ...            1.6                2.6
3         3  00-0024243  ...            0.0                0.0
4         4  00-0024243  ...            0.4                1.4
...     ...         ...  ...            ...                ...
5648   5648  00-0039165  ...            4.8                5.8
5649   5649  00-0039165  ...            1.6                1.6
5650   5650  00-0039165  ...           -0.4                0.6
5651   5651  00-0039165  ...            4.1                9.1
5652   5652  00-0039165  ...            6.0                8.0

[5653 rows x 54 columns]
[2024-09-02T03:13:02.757+0000] {python.py:240} INFO - Done. Returned value was: None
[2024-09-02T03:13:02.769+0000] {taskinstance.py:340} INFO - ::group::Post task execution logs
[2024-09-02T03:13:02.771+0000] {taskinstance.py:352} INFO - Marking task as SUCCESS. dag_id=localIngestionDag, task_id=printRecords, run_id=manual__2024-09-02T00:55:35.799937+00:00, execution_date=20240902T005535, start_date=20240902T031302, end_date=20240902T031302
[2024-09-02T03:13:02.826+0000] {local_task_job_runner.py:261} INFO - Task exited with return code 0
[2024-09-02T03:13:02.862+0000] {taskinstance.py:3891} INFO - 0 downstream tasks scheduled from follow-on schedule check
[2024-09-02T03:13:02.865+0000] {local_task_job_runner.py:240} INFO - ::endgroup::
