[2024-09-02T01:09:22.891+0000] {local_task_job_runner.py:123} INFO - ::group::Pre task execution logs
[2024-09-02T01:09:22.909+0000] {taskinstance.py:2603} INFO - Dependencies all met for dep_context=non-requeueable deps ti=<TaskInstance: localIngestionDag.ingest manual__2024-09-02T00:55:35.799937+00:00 [queued]>
[2024-09-02T01:09:22.919+0000] {taskinstance.py:2603} INFO - Dependencies all met for dep_context=requeueable deps ti=<TaskInstance: localIngestionDag.ingest manual__2024-09-02T00:55:35.799937+00:00 [queued]>
[2024-09-02T01:09:22.920+0000] {taskinstance.py:2856} INFO - Starting attempt 8 of 8
[2024-09-02T01:09:22.934+0000] {taskinstance.py:2879} INFO - Executing <Task(BashOperator): ingest> on 2024-09-02 00:55:35.799937+00:00
[2024-09-02T01:09:22.941+0000] {standard_task_runner.py:72} INFO - Started process 555 to run task
[2024-09-02T01:09:22.944+0000] {standard_task_runner.py:104} INFO - Running: ['***', 'tasks', 'run', 'localIngestionDag', 'ingest', 'manual__2024-09-02T00:55:35.799937+00:00', '--job-id', '22', '--raw', '--subdir', 'DAGS_FOLDER/data_ingestion_local.py', '--cfg-path', '/tmp/tmp_rerifiy']
[2024-09-02T01:09:22.947+0000] {standard_task_runner.py:105} INFO - Job 22: Subtask ingest
[2024-09-02T01:09:22.995+0000] {task_command.py:467} INFO - Running <TaskInstance: localIngestionDag.ingest manual__2024-09-02T00:55:35.799937+00:00 [running]> on host f86224e91cd0
[2024-09-02T01:09:23.233+0000] {taskinstance.py:3122} INFO - Exporting env vars: AIRFLOW_CTX_DAG_OWNER='***' AIRFLOW_CTX_DAG_ID='localIngestionDag' AIRFLOW_CTX_TASK_ID='ingest' AIRFLOW_CTX_EXECUTION_DATE='2024-09-02T00:55:35.799937+00:00' AIRFLOW_CTX_TRY_NUMBER='8' AIRFLOW_CTX_DAG_RUN_ID='manual__2024-09-02T00:55:35.799937+00:00'
[2024-09-02T01:09:23.236+0000] {taskinstance.py:731} INFO - ::endgroup::
[2024-09-02T01:09:23.250+0000] {subprocess.py:63} INFO - Tmp dir root location: /tmp
[2024-09-02T01:09:23.251+0000] {subprocess.py:75} INFO - Running command: ['/usr/bin/bash', '-c', 'ls /opt/***']
[2024-09-02T01:09:23.267+0000] {subprocess.py:86} INFO - Output:
[2024-09-02T01:09:23.271+0000] {subprocess.py:93} INFO - ***.cfg
[2024-09-02T01:09:23.272+0000] {subprocess.py:93} INFO - config
[2024-09-02T01:09:23.273+0000] {subprocess.py:93} INFO - dags
[2024-09-02T01:09:23.274+0000] {subprocess.py:93} INFO - logs
[2024-09-02T01:09:23.275+0000] {subprocess.py:93} INFO - plugins
[2024-09-02T01:09:23.276+0000] {subprocess.py:93} INFO - requirements.txt
[2024-09-02T01:09:23.276+0000] {subprocess.py:93} INFO - webserver_config.py
[2024-09-02T01:09:23.277+0000] {subprocess.py:93} INFO - weekly_nfl_data_2024-09-02.csv
[2024-09-02T01:09:23.278+0000] {subprocess.py:97} INFO - Command exited with return code 0
[2024-09-02T01:09:23.306+0000] {taskinstance.py:340} INFO - ::group::Post task execution logs
[2024-09-02T01:09:23.308+0000] {taskinstance.py:352} INFO - Marking task as SUCCESS. dag_id=localIngestionDag, task_id=ingest, run_id=manual__2024-09-02T00:55:35.799937+00:00, execution_date=20240902T005535, start_date=20240902T010922, end_date=20240902T010923
[2024-09-02T01:09:23.361+0000] {local_task_job_runner.py:261} INFO - Task exited with return code 0
[2024-09-02T01:09:23.379+0000] {taskinstance.py:3891} INFO - 0 downstream tasks scheduled from follow-on schedule check
[2024-09-02T01:09:23.382+0000] {local_task_job_runner.py:240} INFO - ::endgroup::
