[2024-09-02T01:10:59.932+0000] {local_task_job_runner.py:123} INFO - ::group::Pre task execution logs
[2024-09-02T01:10:59.950+0000] {taskinstance.py:2603} INFO - Dependencies all met for dep_context=non-requeueable deps ti=<TaskInstance: localIngestionDag.ingest manual__2024-09-02T00:55:35.799937+00:00 [queued]>
[2024-09-02T01:10:59.959+0000] {taskinstance.py:2603} INFO - Dependencies all met for dep_context=requeueable deps ti=<TaskInstance: localIngestionDag.ingest manual__2024-09-02T00:55:35.799937+00:00 [queued]>
[2024-09-02T01:10:59.960+0000] {taskinstance.py:2856} INFO - Starting attempt 11 of 11
[2024-09-02T01:10:59.976+0000] {taskinstance.py:2879} INFO - Executing <Task(BashOperator): ingest> on 2024-09-02 00:55:35.799937+00:00
[2024-09-02T01:10:59.984+0000] {standard_task_runner.py:72} INFO - Started process 628 to run task
[2024-09-02T01:10:59.987+0000] {standard_task_runner.py:104} INFO - Running: ['***', 'tasks', 'run', 'localIngestionDag', 'ingest', 'manual__2024-09-02T00:55:35.799937+00:00', '--job-id', '27', '--raw', '--subdir', 'DAGS_FOLDER/data_ingestion_local.py', '--cfg-path', '/tmp/tmpw1lm6n3p']
[2024-09-02T01:10:59.991+0000] {standard_task_runner.py:105} INFO - Job 27: Subtask ingest
[2024-09-02T01:11:00.047+0000] {task_command.py:467} INFO - Running <TaskInstance: localIngestionDag.ingest manual__2024-09-02T00:55:35.799937+00:00 [running]> on host f86224e91cd0
[2024-09-02T01:11:00.328+0000] {taskinstance.py:3122} INFO - Exporting env vars: AIRFLOW_CTX_DAG_OWNER='***' AIRFLOW_CTX_DAG_ID='localIngestionDag' AIRFLOW_CTX_TASK_ID='ingest' AIRFLOW_CTX_EXECUTION_DATE='2024-09-02T00:55:35.799937+00:00' AIRFLOW_CTX_TRY_NUMBER='11' AIRFLOW_CTX_DAG_RUN_ID='manual__2024-09-02T00:55:35.799937+00:00'
[2024-09-02T01:11:00.330+0000] {taskinstance.py:731} INFO - ::endgroup::
[2024-09-02T01:11:00.344+0000] {subprocess.py:63} INFO - Tmp dir root location: /tmp
[2024-09-02T01:11:00.345+0000] {subprocess.py:75} INFO - Running command: ['/usr/bin/bash', '-c', 'ls /opt/***']
[2024-09-02T01:11:00.360+0000] {subprocess.py:86} INFO - Output:
[2024-09-02T01:11:00.363+0000] {subprocess.py:93} INFO - ***.cfg
[2024-09-02T01:11:00.365+0000] {subprocess.py:93} INFO - config
[2024-09-02T01:11:00.365+0000] {subprocess.py:93} INFO - dags
[2024-09-02T01:11:00.366+0000] {subprocess.py:93} INFO - logs
[2024-09-02T01:11:00.367+0000] {subprocess.py:93} INFO - plugins
[2024-09-02T01:11:00.368+0000] {subprocess.py:93} INFO - requirements.txt
[2024-09-02T01:11:00.368+0000] {subprocess.py:93} INFO - webserver_config.py
[2024-09-02T01:11:00.369+0000] {subprocess.py:93} INFO - weekly_nfl_data_2024-09-02.csv
[2024-09-02T01:11:00.370+0000] {subprocess.py:97} INFO - Command exited with return code 0
[2024-09-02T01:11:00.398+0000] {taskinstance.py:340} INFO - ::group::Post task execution logs
[2024-09-02T01:11:00.400+0000] {taskinstance.py:352} INFO - Marking task as SUCCESS. dag_id=localIngestionDag, task_id=ingest, run_id=manual__2024-09-02T00:55:35.799937+00:00, execution_date=20240902T005535, start_date=20240902T011059, end_date=20240902T011100
[2024-09-02T01:11:00.444+0000] {local_task_job_runner.py:261} INFO - Task exited with return code 0
[2024-09-02T01:11:00.464+0000] {taskinstance.py:3891} INFO - 0 downstream tasks scheduled from follow-on schedule check
[2024-09-02T01:11:00.467+0000] {local_task_job_runner.py:240} INFO - ::endgroup::
