[2024-09-02T01:08:45.772+0000] {local_task_job_runner.py:123} INFO - ::group::Pre task execution logs
[2024-09-02T01:08:45.790+0000] {taskinstance.py:2603} INFO - Dependencies all met for dep_context=non-requeueable deps ti=<TaskInstance: localIngestionDag.ingest manual__2024-09-02T00:55:35.799937+00:00 [queued]>
[2024-09-02T01:08:45.799+0000] {taskinstance.py:2603} INFO - Dependencies all met for dep_context=requeueable deps ti=<TaskInstance: localIngestionDag.ingest manual__2024-09-02T00:55:35.799937+00:00 [queued]>
[2024-09-02T01:08:45.800+0000] {taskinstance.py:2856} INFO - Starting attempt 7 of 7
[2024-09-02T01:08:45.815+0000] {taskinstance.py:2879} INFO - Executing <Task(BashOperator): ingest> on 2024-09-02 00:55:35.799937+00:00
[2024-09-02T01:08:45.823+0000] {standard_task_runner.py:72} INFO - Started process 528 to run task
[2024-09-02T01:08:45.826+0000] {standard_task_runner.py:104} INFO - Running: ['***', 'tasks', 'run', 'localIngestionDag', 'ingest', 'manual__2024-09-02T00:55:35.799937+00:00', '--job-id', '21', '--raw', '--subdir', 'DAGS_FOLDER/data_ingestion_local.py', '--cfg-path', '/tmp/tmp363sns0q']
[2024-09-02T01:08:45.829+0000] {standard_task_runner.py:105} INFO - Job 21: Subtask ingest
[2024-09-02T01:08:46.083+0000] {task_command.py:467} INFO - Running <TaskInstance: localIngestionDag.ingest manual__2024-09-02T00:55:35.799937+00:00 [running]> on host f86224e91cd0
[2024-09-02T01:08:46.174+0000] {taskinstance.py:3122} INFO - Exporting env vars: AIRFLOW_CTX_DAG_OWNER='***' AIRFLOW_CTX_DAG_ID='localIngestionDag' AIRFLOW_CTX_TASK_ID='ingest' AIRFLOW_CTX_EXECUTION_DATE='2024-09-02T00:55:35.799937+00:00' AIRFLOW_CTX_TRY_NUMBER='7' AIRFLOW_CTX_DAG_RUN_ID='manual__2024-09-02T00:55:35.799937+00:00'
[2024-09-02T01:08:46.176+0000] {taskinstance.py:731} INFO - ::endgroup::
[2024-09-02T01:08:46.189+0000] {subprocess.py:63} INFO - Tmp dir root location: /tmp
[2024-09-02T01:08:46.191+0000] {subprocess.py:75} INFO - Running command: ['/usr/bin/bash', '-c', 'ls /opt/***']
[2024-09-02T01:08:46.205+0000] {subprocess.py:86} INFO - Output:
[2024-09-02T01:08:46.209+0000] {subprocess.py:93} INFO - ***.cfg
[2024-09-02T01:08:46.210+0000] {subprocess.py:93} INFO - config
[2024-09-02T01:08:46.211+0000] {subprocess.py:93} INFO - dags
[2024-09-02T01:08:46.211+0000] {subprocess.py:93} INFO - logs
[2024-09-02T01:08:46.212+0000] {subprocess.py:93} INFO - plugins
[2024-09-02T01:08:46.213+0000] {subprocess.py:93} INFO - requirements.txt
[2024-09-02T01:08:46.214+0000] {subprocess.py:93} INFO - webserver_config.py
[2024-09-02T01:08:46.214+0000] {subprocess.py:93} INFO - weekly_nfl_data_2024-09-02.csv
[2024-09-02T01:08:46.215+0000] {subprocess.py:97} INFO - Command exited with return code 0
[2024-09-02T01:08:46.241+0000] {taskinstance.py:340} INFO - ::group::Post task execution logs
[2024-09-02T01:08:46.243+0000] {taskinstance.py:352} INFO - Marking task as SUCCESS. dag_id=localIngestionDag, task_id=ingest, run_id=manual__2024-09-02T00:55:35.799937+00:00, execution_date=20240902T005535, start_date=20240902T010845, end_date=20240902T010846
[2024-09-02T01:08:46.282+0000] {local_task_job_runner.py:261} INFO - Task exited with return code 0
[2024-09-02T01:08:46.300+0000] {taskinstance.py:3891} INFO - 0 downstream tasks scheduled from follow-on schedule check
[2024-09-02T01:08:46.303+0000] {local_task_job_runner.py:240} INFO - ::endgroup::
